\BOOKMARK [1][-]{section.0.1}{Introduction}{}% 1
\BOOKMARK [0][-]{chapter.1}{Servo Motors}{}% 2
\BOOKMARK [1][-]{section.1.1}{Principle and Working}{chapter.1}% 3
\BOOKMARK [1][-]{section.1.2}{Operating Servo Motor}{chapter.1}% 4
\BOOKMARK [1][-]{section.1.3}{Selection of a Servo}{chapter.1}% 5
\BOOKMARK [0][-]{chapter.2}{AVR}{}% 6
\BOOKMARK [1][-]{section.2.1}{Interfacing Servo with ATmega2560}{chapter.2}% 7
\BOOKMARK [1][-]{section.2.2}{Timers}{chapter.2}% 8
\BOOKMARK [1][-]{section.2.3}{Registers}{chapter.2}% 9
\BOOKMARK [1][-]{section.2.4}{Hardware method for Generating PWM}{chapter.2}% 10
\BOOKMARK [2][-]{subsection.2.4.1}{Generating PWM signal using Timer}{section.2.4}% 11
\BOOKMARK [2][-]{subsection.2.4.2}{Modes of Operation}{section.2.4}% 12
\BOOKMARK [1][-]{section.2.5}{Generating PWM in software}{chapter.2}% 13
\BOOKMARK [1][-]{section.2.6}{Selection of Timer}{chapter.2}% 14
\BOOKMARK [1][-]{section.2.7}{Code}{chapter.2}% 15
\BOOKMARK [1][-]{section.2.8}{Other Examples}{chapter.2}% 16
\BOOKMARK [0][-]{chapter.3}{ARM}{}% 17
\BOOKMARK [1][-]{section.3.1}{Interfacing Servo with ARM7 LPC2148}{chapter.3}% 18
\BOOKMARK [1][-]{section.3.2}{PWM Programming in LPC2148}{chapter.3}% 19
\BOOKMARK [1][-]{section.3.3}{PWM Register}{chapter.3}% 20
\BOOKMARK [1][-]{section.3.4}{Generating PWM signal}{chapter.3}% 21
\BOOKMARK [1][-]{section.3.5}{Code}{chapter.3}% 22
\BOOKMARK [0][-]{chapter.4}{Referneces and Futher Reading}{}% 23
