This is pdfTeX, Version 3.1415926-2.4-1.40.13 (MiKTeX 2.9 64-bit) (preloaded format=pdflatex 2014.6.16)  9 JUL 2014 00:46
entering extended mode
**Stepper*Motor*Interfacing*with*ATmega2560*and*LPC2148*(Firebird*V).tex

("C:\Users\Joel\Desktop\eYSIP\eYSIP2014_ServoStepperInterfacing\Stepper\Documen
tation\Stepper Motor Interfacing with ATmega2560 and LPC2148 (Firebird V).tex"
LaTeX2e <2011/06/27>
Babel <v3.8m> and hyphenation patterns for english, afrikaans, ancientgreek, ar
abic, armenian, assamese, basque, bengali, bokmal, bulgarian, catalan, coptic, 
croatian, czech, danish, dutch, esperanto, estonian, farsi, finnish, french, ga
lician, german, german-x-2012-05-30, greek, gujarati, hindi, hungarian, iceland
ic, indonesian, interlingua, irish, italian, kannada, kurmanji, latin, latvian,
 lithuanian, malayalam, marathi, mongolian, mongolianlmc, monogreek, ngerman, n
german-x-2012-05-30, nynorsk, oriya, panjabi, pinyin, polish, portuguese, roman
ian, russian, sanskrit, serbian, slovak, slovenian, spanish, swedish, swissgerm
an, tamil, telugu, turkish, turkmen, ukenglish, ukrainian, uppersorbian, usengl
ishmax, welsh, loaded.
("E:\Program Files\MiKTeX 2.9\tex\latex\base\report.cls"
Document Class: report 2007/10/19 v1.4h Standard LaTeX document class
("E:\Program Files\MiKTeX 2.9\tex\latex\base\size10.clo"
File: size10.clo 2007/10/19 v1.4h Standard LaTeX file (size option)
)
\c@part=\count79
\c@chapter=\count80
\c@section=\count81
\c@subsection=\count82
\c@subsubsection=\count83
\c@paragraph=\count84
\c@subparagraph=\count85
\c@figure=\count86
\c@table=\count87
\abovecaptionskip=\skip41
\belowcaptionskip=\skip42
\bibindent=\dimen102
)
("E:\Program Files\MiKTeX 2.9\tex\generic\babel\babel.sty"
Package: babel 2008/07/08 v3.8m The Babel package

*************************************
* Local config file bblopts.cfg used
*
("E:\Program Files\MiKTeX 2.9\tex\latex\00miktex\bblopts.cfg"
File: bblopts.cfg 2006/07/31 v1.0 MiKTeX 'babel' configuration
)
("E:\Program Files\MiKTeX 2.9\tex\generic\babel\english.ldf"
Language: english 2005/03/30 v3.3o English support from the babel system

("E:\Program Files\MiKTeX 2.9\tex\generic\babel\babel.def"
File: babel.def 2008/07/08 v3.8m Babel common definitions
\babel@savecnt=\count88
\U@D=\dimen103
)
\l@canadian = a dialect from \language\l@american 
\l@australian = a dialect from \language\l@british 
\l@newzealand = a dialect from \language\l@british 
))
("E:\Program Files\MiKTeX 2.9\tex\latex\base\fontenc.sty"
Package: fontenc 2005/09/27 v1.99g Standard LaTeX package

("E:\Program Files\MiKTeX 2.9\tex\latex\base\t1enc.def"
File: t1enc.def 2005/09/27 v1.99g Standard LaTeX file
LaTeX Font Info:    Redeclaring font encoding T1 on input line 43.
))
("E:\Program Files\MiKTeX 2.9\tex\latex\base\inputenc.sty"
Package: inputenc 2008/03/30 v1.1d Input encoding file
\inpenc@prehook=\toks14
\inpenc@posthook=\toks15

("E:\Program Files\MiKTeX 2.9\tex\latex\base\ansinew.def"
File: ansinew.def 2008/03/30 v1.1d Input encoding file
))
("E:\Program Files\MiKTeX 2.9\tex\latex\lm\lmodern.sty"
Package: lmodern 2009/10/30 v1.6 Latin Modern Fonts
LaTeX Font Info:    Overwriting symbol font `operators' in version `normal'
(Font)                  OT1/cmr/m/n --> OT1/lmr/m/n on input line 22.
LaTeX Font Info:    Overwriting symbol font `letters' in version `normal'
(Font)                  OML/cmm/m/it --> OML/lmm/m/it on input line 23.
LaTeX Font Info:    Overwriting symbol font `symbols' in version `normal'
(Font)                  OMS/cmsy/m/n --> OMS/lmsy/m/n on input line 24.
LaTeX Font Info:    Overwriting symbol font `largesymbols' in version `normal'
(Font)                  OMX/cmex/m/n --> OMX/lmex/m/n on input line 25.
LaTeX Font Info:    Overwriting symbol font `operators' in version `bold'
(Font)                  OT1/cmr/bx/n --> OT1/lmr/bx/n on input line 26.
LaTeX Font Info:    Overwriting symbol font `letters' in version `bold'
(Font)                  OML/cmm/b/it --> OML/lmm/b/it on input line 27.
LaTeX Font Info:    Overwriting symbol font `symbols' in version `bold'
(Font)                  OMS/cmsy/b/n --> OMS/lmsy/b/n on input line 28.
LaTeX Font Info:    Overwriting symbol font `largesymbols' in version `bold'
(Font)                  OMX/cmex/m/n --> OMX/lmex/m/n on input line 29.
LaTeX Font Info:    Overwriting math alphabet `\mathbf' in version `normal'
(Font)                  OT1/cmr/bx/n --> OT1/lmr/bx/n on input line 31.
LaTeX Font Info:    Overwriting math alphabet `\mathsf' in version `normal'
(Font)                  OT1/cmss/m/n --> OT1/lmss/m/n on input line 32.
LaTeX Font Info:    Overwriting math alphabet `\mathit' in version `normal'
(Font)                  OT1/cmr/m/it --> OT1/lmr/m/it on input line 33.
LaTeX Font Info:    Overwriting math alphabet `\mathtt' in version `normal'
(Font)                  OT1/cmtt/m/n --> OT1/lmtt/m/n on input line 34.
LaTeX Font Info:    Overwriting math alphabet `\mathbf' in version `bold'
(Font)                  OT1/cmr/bx/n --> OT1/lmr/bx/n on input line 35.
LaTeX Font Info:    Overwriting math alphabet `\mathsf' in version `bold'
(Font)                  OT1/cmss/bx/n --> OT1/lmss/bx/n on input line 36.
LaTeX Font Info:    Overwriting math alphabet `\mathit' in version `bold'
(Font)                  OT1/cmr/bx/it --> OT1/lmr/bx/it on input line 37.
LaTeX Font Info:    Overwriting math alphabet `\mathtt' in version `bold'
(Font)                  OT1/cmtt/m/n --> OT1/lmtt/m/n on input line 38.
)
("E:\Program Files\MiKTeX 2.9\tex\latex\graphics\graphicx.sty"
Package: graphicx 1999/02/16 v1.0f Enhanced LaTeX Graphics (DPC,SPQR)

("E:\Program Files\MiKTeX 2.9\tex\latex\graphics\keyval.sty"
Package: keyval 1999/03/16 v1.13 key=value parser (DPC)
\KV@toks@=\toks16
)
("E:\Program Files\MiKTeX 2.9\tex\latex\graphics\graphics.sty"
Package: graphics 2009/02/05 v1.0o Standard LaTeX Graphics (DPC,SPQR)

("E:\Program Files\MiKTeX 2.9\tex\latex\graphics\trig.sty"
Package: trig 1999/03/16 v1.09 sin cos tan (DPC)
)
("E:\Program Files\MiKTeX 2.9\tex\latex\00miktex\graphics.cfg"
File: graphics.cfg 2007/01/18 v1.5 graphics configuration of teTeX/TeXLive
)
Package graphics Info: Driver file: pdftex.def on input line 91.

("E:\Program Files\MiKTeX 2.9\tex\latex\pdftex-def\pdftex.def"
File: pdftex.def 2011/05/27 v0.06d Graphics/color for pdfTeX

("E:\Program Files\MiKTeX 2.9\tex\generic\oberdiek\infwarerr.sty"
Package: infwarerr 2010/04/08 v1.3 Providing info/warning/error messages (HO)
)
("E:\Program Files\MiKTeX 2.9\tex\generic\oberdiek\ltxcmds.sty"
Package: ltxcmds 2011/11/09 v1.22 LaTeX kernel commands for general use (HO)
)
\Gread@gobject=\count89
))
\Gin@req@height=\dimen104
\Gin@req@width=\dimen105
)
("E:\Program Files\MiKTeX 2.9\tex\latex\titlepic\titlepic.sty"
Package: titlepic 2009/08/03 1.1 Package to display a picture on the title page

)
("E:\Program Files\MiKTeX 2.9\tex\latex\amsmath\amsmath.sty"
Package: amsmath 2013/01/14 v2.14 AMS math features
\@mathmargin=\skip43

For additional information on amsmath, use the `?' option.
("E:\Program Files\MiKTeX 2.9\tex\latex\amsmath\amstext.sty"
Package: amstext 2000/06/29 v2.01

("E:\Program Files\MiKTeX 2.9\tex\latex\amsmath\amsgen.sty"
File: amsgen.sty 1999/11/30 v2.0
\@emptytoks=\toks17
\ex@=\dimen106
))
("E:\Program Files\MiKTeX 2.9\tex\latex\amsmath\amsbsy.sty"
Package: amsbsy 1999/11/29 v1.2d
\pmbraise@=\dimen107
)
("E:\Program Files\MiKTeX 2.9\tex\latex\amsmath\amsopn.sty"
Package: amsopn 1999/12/14 v2.01 operator names
)
\inf@bad=\count90
LaTeX Info: Redefining \frac on input line 210.
\uproot@=\count91
\leftroot@=\count92
LaTeX Info: Redefining \overline on input line 306.
\classnum@=\count93
\DOTSCASE@=\count94
LaTeX Info: Redefining \ldots on input line 378.
LaTeX Info: Redefining \dots on input line 381.
LaTeX Info: Redefining \cdots on input line 466.
\Mathstrutbox@=\box26
\strutbox@=\box27
\big@size=\dimen108
LaTeX Font Info:    Redeclaring font encoding OML on input line 566.
LaTeX Font Info:    Redeclaring font encoding OMS on input line 567.
\macc@depth=\count95
\c@MaxMatrixCols=\count96
\dotsspace@=\muskip10
\c@parentequation=\count97
\dspbrk@lvl=\count98
\tag@help=\toks18
\row@=\count99
\column@=\count100
\maxfields@=\count101
\andhelp@=\toks19
\eqnshift@=\dimen109
\alignsep@=\dimen110
\tagshift@=\dimen111
\tagwidth@=\dimen112
\totwidth@=\dimen113
\lineht@=\dimen114
\@envbody=\toks20
\multlinegap=\skip44
\multlinetaggap=\skip45
\mathdisplay@stack=\toks21
LaTeX Info: Redefining \[ on input line 2665.
LaTeX Info: Redefining \] on input line 2666.
)
("E:\Program Files\MiKTeX 2.9\tex\latex\amscls\amsthm.sty"
Package: amsthm 2004/08/06 v2.20
\thm@style=\toks22
\thm@bodyfont=\toks23
\thm@headfont=\toks24
\thm@notefont=\toks25
\thm@headpunct=\toks26
\thm@preskip=\skip46
\thm@postskip=\skip47
\thm@headsep=\skip48
\dth@everypar=\toks27
)
("E:\Program Files\MiKTeX 2.9\tex\latex\amsfonts\amsfonts.sty"
Package: amsfonts 2013/01/14 v3.01 Basic AMSFonts support
\symAMSa=\mathgroup4
\symAMSb=\mathgroup5
LaTeX Font Info:    Overwriting math alphabet `\mathfrak' in version `bold'
(Font)                  U/euf/m/n --> U/euf/b/n on input line 106.
)
("E:\Program Files\MiKTeX 2.9\tex\latex\tools\verbatim.sty"
Package: verbatim 2003/08/22 v1.5q LaTeX2e package for verbatim enhancements
\every@verbatim=\toks28
\verbatim@line=\toks29
\verbatim@in@stream=\read1
)
("E:\Program Files\MiKTeX 2.9\tex\latex\moreverb\moreverb.sty"
Package: moreverb 2008/06/03 v2.3a `more' verbatim facilities
\tab@position=\count102
\tab@size=\count103
\listing@line=\count104
)
("E:\Program Files\MiKTeX 2.9\tex\latex\colortbl\colortbl.sty"
Package: colortbl 2012/02/13 v1.0a Color table columns (DPC)

("E:\Program Files\MiKTeX 2.9\tex\latex\tools\array.sty"
Package: array 2008/09/09 v2.4c Tabular extension package (FMi)
\col@sep=\dimen115
\extrarowheight=\dimen116
\NC@list=\toks30
\extratabsurround=\skip49
\backup@length=\skip50
)
("E:\Program Files\MiKTeX 2.9\tex\latex\graphics\color.sty"
Package: color 2005/11/14 v1.0j Standard LaTeX Color (DPC)

("E:\Program Files\MiKTeX 2.9\tex\latex\00miktex\color.cfg"
File: color.cfg 2007/01/18 v1.5 color configuration of teTeX/TeXLive
)
Package color Info: Driver file: pdftex.def on input line 130.
)
\everycr=\toks31
\minrowclearance=\skip51
)
("E:\Program Files\MiKTeX 2.9\tex\latex\multirow\multirow.sty"
\bigstrutjot=\dimen117
)
("E:\Program Files\MiKTeX 2.9\tex\latex\booktabs\booktabs.sty"
Package: booktabs 2005/04/14 v1.61803 publication quality tables
\heavyrulewidth=\dimen118
\lightrulewidth=\dimen119
\cmidrulewidth=\dimen120
\belowrulesep=\dimen121
\belowbottomsep=\dimen122
\aboverulesep=\dimen123
\abovetopsep=\dimen124
\cmidrulesep=\dimen125
\cmidrulekern=\dimen126
\defaultaddspace=\dimen127
\@cmidla=\count105
\@cmidlb=\count106
\@aboverulesep=\dimen128
\@belowrulesep=\dimen129
\@thisruleclass=\count107
\@lastruleclass=\count108
\@thisrulewidth=\dimen130
)
("E:\Program Files\MiKTeX 2.9\tex\latex\base\fixltx2e.sty"
Package: fixltx2e 2006/09/13 v1.1m fixes to LaTeX
LaTeX Info: Redefining \em on input line 420.
LaTeX Info: The control sequence `\[' is already robust on input line 471.
LaTeX Info: The control sequence `\]' is already robust on input line 472.
)
("E:\Program Files\MiKTeX 2.9\tex\latex\hyperref\hyperref.sty"
Package: hyperref 2012/11/06 v6.83m Hypertext links for LaTeX

("E:\Program Files\MiKTeX 2.9\tex\generic\oberdiek\hobsub-hyperref.sty"
Package: hobsub-hyperref 2012/04/25 v1.12 Bundle oberdiek, subset hyperref (HO)


("E:\Program Files\MiKTeX 2.9\tex\generic\oberdiek\hobsub-generic.sty"
Package: hobsub-generic 2012/04/25 v1.12 Bundle oberdiek, subset generic (HO)
Package: hobsub 2012/04/25 v1.12 Construct package bundles (HO)
Package hobsub Info: Skipping package `infwarerr' (already loaded).
Package hobsub Info: Skipping package `ltxcmds' (already loaded).
Package: ifluatex 2010/03/01 v1.3 Provides the ifluatex switch (HO)
Package ifluatex Info: LuaTeX not detected.
Package: ifvtex 2010/03/01 v1.5 Detect VTeX and its facilities (HO)
Package ifvtex Info: VTeX not detected.
Package: intcalc 2007/09/27 v1.1 Expandable calculations with integers (HO)
Package: ifpdf 2011/01/30 v2.3 Provides the ifpdf switch (HO)
Package ifpdf Info: pdfTeX in PDF mode is detected.
Package: etexcmds 2011/02/16 v1.5 Avoid name clashes with e-TeX commands (HO)
Package etexcmds Info: Could not find \expanded.
(etexcmds)             That can mean that you are not using pdfTeX 1.50 or
(etexcmds)             that some package has redefined \expanded.
(etexcmds)             In the latter case, load this package earlier.
Package: kvsetkeys 2012/04/25 v1.16 Key value parser (HO)
Package: kvdefinekeys 2011/04/07 v1.3 Define keys (HO)
Package: pdftexcmds 2011/11/29 v0.20 Utility functions of pdfTeX for LuaTeX (HO
)
Package pdftexcmds Info: LuaTeX not detected.
Package pdftexcmds Info: \pdf@primitive is available.
Package pdftexcmds Info: \pdf@ifprimitive is available.
Package pdftexcmds Info: \pdfdraftmode found.
Package: pdfescape 2011/11/25 v1.13 Implements pdfTeX's escape features (HO)
Package: bigintcalc 2012/04/08 v1.3 Expandable calculations on big integers (HO
)
Package: bitset 2011/01/30 v1.1 Handle bit-vector datatype (HO)
Package: uniquecounter 2011/01/30 v1.2 Provide unlimited unique counter (HO)
)
Package hobsub Info: Skipping package `hobsub' (already loaded).
Package: letltxmacro 2010/09/02 v1.4 Let assignment for LaTeX macros (HO)
Package: hopatch 2011/06/24 v1.1 Wrapper for package hooks (HO)
Package: xcolor-patch 2011/01/30 xcolor patch
Package: atveryend 2011/06/30 v1.8 Hooks at the very end of document (HO)
Package atveryend Info: \enddocument detected (standard20110627).
Package: atbegshi 2011/10/05 v1.16 At begin shipout hook (HO)
Package: refcount 2011/10/16 v3.4 Data extraction from label references (HO)
Package: hycolor 2011/01/30 v1.7 Color options for hyperref/bookmark (HO)
)
("E:\Program Files\MiKTeX 2.9\tex\generic\ifxetex\ifxetex.sty"
Package: ifxetex 2010/09/12 v0.6 Provides ifxetex conditional
)
("E:\Program Files\MiKTeX 2.9\tex\latex\oberdiek\auxhook.sty"
Package: auxhook 2011/03/04 v1.3 Hooks for auxiliary files (HO)
)
("E:\Program Files\MiKTeX 2.9\tex\latex\oberdiek\kvoptions.sty"
Package: kvoptions 2011/06/30 v3.11 Key value format for package options (HO)
)
\@linkdim=\dimen131
\Hy@linkcounter=\count109
\Hy@pagecounter=\count110

("E:\Program Files\MiKTeX 2.9\tex\latex\hyperref\pd1enc.def"
File: pd1enc.def 2012/11/06 v6.83m Hyperref: PDFDocEncoding definition (HO)
)
\Hy@SavedSpaceFactor=\count111

("E:\Program Files\MiKTeX 2.9\tex\latex\00miktex\hyperref.cfg"
File: hyperref.cfg 2002/06/06 v1.2 hyperref configuration of TeXLive
)
Package hyperref Info: Hyper figures OFF on input line 4443.
Package hyperref Info: Link nesting OFF on input line 4448.
Package hyperref Info: Hyper index ON on input line 4451.
Package hyperref Info: Plain pages OFF on input line 4458.
Package hyperref Info: Backreferencing OFF on input line 4463.
Package hyperref Info: Implicit mode ON; LaTeX internals redefined.
Package hyperref Info: Bookmarks ON on input line 4688.
\c@Hy@tempcnt=\count112

("E:\Program Files\MiKTeX 2.9\tex\latex\ltxmisc\url.sty"
\Urlmuskip=\muskip11
Package: url 2006/04/12  ver 3.3  Verb mode for urls, etc.
)
LaTeX Info: Redefining \url on input line 5041.
\XeTeXLinkMargin=\dimen132
\Fld@menulength=\count113
\Field@Width=\dimen133
\Fld@charsize=\dimen134
Package hyperref Info: Hyper figures OFF on input line 6295.
Package hyperref Info: Link nesting OFF on input line 6300.
Package hyperref Info: Hyper index ON on input line 6303.
Package hyperref Info: backreferencing OFF on input line 6310.
Package hyperref Info: Link coloring OFF on input line 6315.
Package hyperref Info: Link coloring with OCG OFF on input line 6320.
Package hyperref Info: PDF/A mode OFF on input line 6325.
LaTeX Info: Redefining \ref on input line 6365.
LaTeX Info: Redefining \pageref on input line 6369.
\Hy@abspage=\count114
\c@Item=\count115
\c@Hfootnote=\count116
)

Package hyperref Message: Driver (autodetected): hpdftex.

("E:\Program Files\MiKTeX 2.9\tex\latex\hyperref\hpdftex.def"
File: hpdftex.def 2012/11/06 v6.83m Hyperref driver for pdfTeX
\Fld@listcount=\count117
\c@bookmark@seq@number=\count118

("E:\Program Files\MiKTeX 2.9\tex\latex\oberdiek\rerunfilecheck.sty"
Package: rerunfilecheck 2011/04/15 v1.7 Rerun checks for auxiliary files (HO)
Package uniquecounter Info: New unique counter `rerunfilecheck' on input line 2
82.
)
\Hy@SectionHShift=\skip52
)
("E:\Program Files\MiKTeX 2.9\tex\latex\float\float.sty"
Package: float 2001/11/08 v1.3d Float enhancements (AL)
\c@float@type=\count119
\float@exts=\toks32
\float@box=\box28
\@float@everytoks=\toks33
\@floatcapt=\box29
)
("C:\Users\Joel\Desktop\eYSIP\eYSIP2014_ServoStepperInterfacing\Stepper\Documen
tation\Stepper Motor Interfacing with ATmega2560 and LPC2148 (Firebird V).aux")
LaTeX Font Info:    Checking defaults for OML/cmm/m/it on input line 38.
LaTeX Font Info:    ... okay on input line 38.
LaTeX Font Info:    Checking defaults for T1/cmr/m/n on input line 38.
LaTeX Font Info:    ... okay on input line 38.
LaTeX Font Info:    Checking defaults for OT1/cmr/m/n on input line 38.
LaTeX Font Info:    ... okay on input line 38.
LaTeX Font Info:    Checking defaults for OMS/cmsy/m/n on input line 38.
LaTeX Font Info:    ... okay on input line 38.
LaTeX Font Info:    Checking defaults for OMX/cmex/m/n on input line 38.
LaTeX Font Info:    ... okay on input line 38.
LaTeX Font Info:    Checking defaults for U/cmr/m/n on input line 38.
LaTeX Font Info:    ... okay on input line 38.
LaTeX Font Info:    Checking defaults for PD1/pdf/m/n on input line 38.
LaTeX Font Info:    ... okay on input line 38.
LaTeX Font Info:    Try loading font information for T1+lmr on input line 38.
("E:\Program Files\MiKTeX 2.9\tex\latex\lm\t1lmr.fd"
File: t1lmr.fd 2009/10/30 v1.6 Font defs for Latin Modern
)
("E:\Program Files\MiKTeX 2.9\tex\context\base\supp-pdf.mkii"
[Loading MPS to PDF converter (version 2006.09.02).]
\scratchcounter=\count120
\scratchdimen=\dimen135
\scratchbox=\box30
\nofMPsegments=\count121
\nofMParguments=\count122
\everyMPshowfont=\toks34
\MPscratchCnt=\count123
\MPscratchDim=\dimen136
\MPnumerator=\count124
\makeMPintoPDFobject=\count125
\everyMPtoPDFconversion=\toks35
)
\AtBeginShipoutBox=\box31
Package hyperref Info: Link coloring OFF on input line 38.
 ("E:\Program Files\MiKTeX 2.9\tex\latex\hyperref\nameref.sty"
Package: nameref 2012/10/27 v2.43 Cross-referencing by name of section

("E:\Program Files\MiKTeX 2.9\tex\generic\oberdiek\gettitlestring.sty"
Package: gettitlestring 2010/12/03 v1.4 Cleanup title references (HO)
)
\c@section@level=\count126
)
LaTeX Info: Redefining \ref on input line 38.
LaTeX Info: Redefining \pageref on input line 38.
LaTeX Info: Redefining \nameref on input line 38.

("C:\Users\Joel\Desktop\eYSIP\eYSIP2014_ServoStepperInterfacing\Stepper\Documen
tation\Stepper Motor Interfacing with ATmega2560 and LPC2148 (Firebird V).out")

("C:\Users\Joel\Desktop\eYSIP\eYSIP2014_ServoStepperInterfacing\Stepper\Documen
tation\Stepper Motor Interfacing with ATmega2560 and LPC2148 (Firebird V).out")
\@outlinefile=\write3
LaTeX Font Info:    Try loading font information for OT1+lmr on input line 56.
("E:\Program Files\MiKTeX 2.9\tex\latex\lm\ot1lmr.fd"
File: ot1lmr.fd 2009/10/30 v1.6 Font defs for Latin Modern
)
LaTeX Font Info:    Try loading font information for OML+lmm on input line 56.

("E:\Program Files\MiKTeX 2.9\tex\latex\lm\omllmm.fd"
File: omllmm.fd 2009/10/30 v1.6 Font defs for Latin Modern
)
LaTeX Font Info:    Try loading font information for OMS+lmsy on input line 56.


("E:\Program Files\MiKTeX 2.9\tex\latex\lm\omslmsy.fd"
File: omslmsy.fd 2009/10/30 v1.6 Font defs for Latin Modern
)
LaTeX Font Info:    Try loading font information for OMX+lmex on input line 56.


("E:\Program Files\MiKTeX 2.9\tex\latex\lm\omxlmex.fd"
File: omxlmex.fd 2009/10/30 v1.6 Font defs for Latin Modern
)
LaTeX Font Info:    External font `lmex10' loaded for size
(Font)              <12> on input line 56.
LaTeX Font Info:    External font `lmex10' loaded for size
(Font)              <8> on input line 56.
LaTeX Font Info:    External font `lmex10' loaded for size
(Font)              <6> on input line 56.
LaTeX Font Info:    Try loading font information for U+msa on input line 56.

("E:\Program Files\MiKTeX 2.9\tex\latex\amsfonts\umsa.fd"
File: umsa.fd 2013/01/14 v3.01 AMS symbols A
)
LaTeX Font Info:    Try loading font information for U+msb on input line 56.

("E:\Program Files\MiKTeX 2.9\tex\latex\amsfonts\umsb.fd"
File: umsb.fd 2013/01/14 v3.01 AMS symbols B
)
<iitblogo.pdf, id=67, 262.9825pt x 257.96375pt>
File: iitblogo.pdf Graphic file (type pdf)
 <use iitblogo.pdf>
Package pdftex.def Info: iitblogo.pdf used on input line 56.
(pdftex.def)             Requested size: 68.99895pt x 67.68303pt.
 [1

{C:/ProgramData/MiKTeX/2.9/pdftex/config/pdftex.map} <C:/Users/Joel/Desktop/eYS
IP/eYSIP2014_ServoStepperInterfacing/Stepper/Documentation/iitblogo.pdf>]
("C:\Users\Joel\Desktop\eYSIP\eYSIP2014_ServoStepperInterfacing\Stepper\Documen
tation\Stepper Motor Interfacing with ATmega2560 and LPC2148 (Firebird V).toc"
LaTeX Font Info:    External font `lmex10' loaded for size
(Font)              <10> on input line 4.
LaTeX Font Info:    External font `lmex10' loaded for size
(Font)              <7> on input line 4.
LaTeX Font Info:    External font `lmex10' loaded for size
(Font)              <5> on input line 4.
)
\tf@toc=\write4
[2

]pdfTeX warning (ext4): destination with the same identifier (name{page.1}) has
 been already used, duplicate ignored
<to be read again> 
                   \relax 
l.66 \end{abstract}
                    [1

]
Chapter 1.
pdfTeX warning (ext4): destination with the same identifier (name{page.2}) has 
been already used, duplicate ignored
<to be read again> 
                   \relax 
l.74 \chapter
             {Internal Construction}\label{internalconstruction} [2

]
Chapter 2.
<"Variable Reluctance".png, id=111, 144.0582pt x 144.54pt>
File: "Variable Reluctance".png Graphic file (type png)

<use "Variable Reluctance".png>
Package pdftex.def Info: "Variable Reluctance".png used on input line 80.
(pdftex.def)             Requested size: 144.05783pt x 144.53963pt.
 <"PM".png, id=113, 139.2402pt x 139.2402pt>
File: "PM".png Graphic file (type png)

<use "PM".png>
Package pdftex.def Info: "PM".png used on input line 89.
(pdftex.def)             Requested size: 139.23985pt x 139.23985pt.
 [3

pdfTeX warning (ext4): destination with the same identifier (name{figure.2.1}) 
has been already used, duplicate ignored

\AtBegShi@Output ...ipout \box \AtBeginShipoutBox 
                                                  \fi \fi 
l.92 \end{figure}
                  <C:/Users/Joel/Desktop/eYSIP/eYSIP2014_ServoStepperInterfacin
g/Stepper/Documentation/Variable Reluctance.png>]
<"hstepper".jpg, id=120, 404.712pt x 227.6505pt>
File: "hstepper".jpg Graphic file (type jpg)
 <use "hstepper".jpg>
Package pdftex.def Info: "hstepper".jpg used on input line 97.
(pdftex.def)             Requested size: 283.29646pt x 159.35425pt.
 [4pdfTeX warning (ext4): destination with the same identifier (name{figure.2.2
}) has been already used, duplicate ignored

\AtBegShi@Output ...ipout \box \AtBeginShipoutBox 
                                                  \fi \fi 
l.103 \chapter
              {Operating Principle and Working}\label{operatingprincipleandw...
pdfTeX warning (ext4): destination with the same identifier (name{figure.2.3}) 
has been already used, duplicate ignored

\AtBegShi@Output ...ipout \box \AtBeginShipoutBox 
                                                  \fi \fi 
l.103 \chapter
              {Operating Principle and Working}\label{operatingprincipleandw...
 <C:/Users/Joel/Desktop/eYSIP/eYSIP2014_ServoStepperInterfacing/Stepper/Documen
tation/PM.png> <C:/Users/Joel/Desktop/eYSIP/eYSIP2014_ServoStepperInterfacing/S
tepper/Documentation/hstepper.jpg>]
Chapter 3.
<"wave".png, id=128, 984.3174pt x 278.9622pt>
File: "wave".png Graphic file (type png)
 <use "wave".png>
Package pdftex.def Info: "wave".png used on input line 127.
(pdftex.def)             Requested size: 295.2975pt x 83.6893pt.
 [5

pdfTeX warning (ext4): destination with the same identifier (name{table.3.1}) h
as been already used, duplicate ignored

\AtBegShi@Output ...ipout \box \AtBeginShipoutBox 
                                                  \fi \fi 
l.131 A
       lbeit simple, the wave stepping mode offers torque lesser than the ma...
] <"full".png, id=135, 984.3174pt x 270.2898pt>
File: "full".png Graphic file (type png)
 <use "full".png>
Package pdftex.def Info: "full".png used on input line 151.
(pdftex.def)             Requested size: 295.2975pt x 81.08755pt.

<"half".png, id=136, 984.3174pt x 548.2884pt>
File: "half".png Graphic file (type png)
 <use "half".png>
Package pdftex.def Info: "half".png used on input line 178.
(pdftex.def)             Requested size: 295.2975pt x 164.48778pt.

Underfull \vbox (badness 1337) has occurred while \output is active []

 [6pdfTeX warning (ext4): destination with the same identifier (name{figure.3.1
}) has been already used, duplicate ignored

\AtBegShi@Output ...ipout \box \AtBeginShipoutBox 
                                                  \fi \fi 
l.181 \end{figure}
                  pdfTeX warning (ext4): destination with the same identifier (
name{table.3.2}) has been already used, duplicate ignored

\AtBegShi@Output ...ipout \box \AtBeginShipoutBox 
                                                  \fi \fi 
l.181 \end{figure}
                  pdfTeX warning (ext4): destination with the same identifier (
name{figure.3.2}) has been already used, duplicate ignored

\AtBegShi@Output ...ipout \box \AtBeginShipoutBox 
                                                  \fi \fi 
l.181 \end{figure}
                   <C:/Users/Joel/Desktop/eYSIP/eYSIP2014_ServoStepperInterfaci
ng/Stepper/Documentation/wave.png> <C:/Users/Joel/Desktop/eYSIP/eYSIP2014_Servo
StepperInterfacing/Stepper/Documentation/full.png>]
<"TorqueVsAngDisp".png, id=146, 243.91125pt x 180.675pt>
File: "TorqueVsAngDisp".png Graphic file (type png)

<use "TorqueVsAngDisp".png>
Package pdftex.def Info: "TorqueVsAngDisp".png used on input line 187.
(pdftex.def)             Requested size: 243.91064pt x 180.67455pt.

Underfull \vbox (badness 10000) has occurred while \output is active []

 [7pdfTeX warning (ext4): destination with the same identifier (name{table.3.3}
) has been already used, duplicate ignored

\AtBegShi@Output ...ipout \box \AtBeginShipoutBox 
                                                  \fi \fi 
l.191 
      pdfTeX warning (ext4): destination with the same identifier (name{figure.
3.3}) has been already used, duplicate ignored

\AtBegShi@Output ...ipout \box \AtBeginShipoutBox 
                                                  \fi \fi 
l.191 
       <C:/Users/Joel/Desktop/eYSIP/eYSIP2014_ServoStepperInterfacing/Stepper/D
ocumentation/half.png>]
<"TorqueVsAngDispDiffHT".png, id=157, 252.945pt x 207.77625pt>
File: "TorqueVsAngDispDiffHT".png Graphic file (type png)

<use "TorqueVsAngDispDiffHT".png>
Package pdftex.def Info: "TorqueVsAngDispDiffHT".png used on input line 197.
(pdftex.def)             Requested size: 252.94438pt x 207.77573pt.
 [8pdfTeX warning (ext4): destination with the same identifier (name{figure.3.4
}) has been already used, duplicate ignored

\AtBegShi@Output ...ipout \box \AtBeginShipoutBox 
                                                  \fi \fi 
l.203 
      pdfTeX warning (ext4): destination with the same identifier (name{figure.
3.5}) has been already used, duplicate ignored

\AtBegShi@Output ...ipout \box \AtBeginShipoutBox 
                                                  \fi \fi 
l.203 
       <C:/Users/Joel/Desktop/eYSIP/eYSIP2014_ServoStepperInterfacing/Stepper/D
ocumentation/TorqueVsAngDisp.png> <C:/Users/Joel/Desktop/eYSIP/eYSIP2014_ServoS
tepperInterfacing/Stepper/Documentation/TorqueVsAngDispDiffHT.png>]
<"TorqueVsSpeed".png, id=169, 483.7272pt x 291.0072pt>
File: "TorqueVsSpeed".png Graphic file (type png)

<use "TorqueVsSpeed".png>
Package pdftex.def Info: "TorqueVsSpeed".png used on input line 215.
(pdftex.def)             Requested size: 338.60672pt x 203.70364pt.
 [9pdfTeX warning (ext4): destination with the same identifier (name{figure.3.6
}) has been already used, duplicate ignored

\AtBegShi@Output ...ipout \box \AtBeginShipoutBox 
                                                  \fi \fi 
l.223 \textbf{Pull-in Torque Curve}
                                   : The maximum values of torque with which...
 <C:/Users/Joel/Desktop/eYSIP/eYSIP2014_ServoStepperInterfacing/Stepper/Documen
tation/TorqueVsSpeed.png>] <"fullstepVI".png, id=180, 470.7186pt x 262.0992pt>
File: "fullstepVI".png Graphic file (type png)

<use "fullstepVI".png>
Package pdftex.def Info: "fullstepVI".png used on input line 243.
(pdftex.def)             Requested size: 282.43333pt x 157.26071pt.
 <"wavestepVI".png, id=181, 470.7186pt x 262.0992pt>
File: "wavestepVI".png Graphic file (type png)

<use "wavestepVI".png>
Package pdftex.def Info: "wavestepVI".png used on input line 249.
(pdftex.def)             Requested size: 282.43333pt x 157.26071pt.

Underfull \vbox (badness 3646) has occurred while \output is active []

 [10]
<"fullvswave".png, id=189, 470.7186pt x 262.0992pt>
File: "fullvswave".png Graphic file (type png)
 <use "fullvswave".png>
Package pdftex.def Info: "fullvswave".png used on input line 255.
(pdftex.def)             Requested size: 282.43333pt x 157.26071pt.

[11pdfTeX warning (ext4): destination with the same identifier (name{figure.3.7
}) has been already used, duplicate ignored

\AtBegShi@Output ...ipout \box \AtBeginShipoutBox 
                                                  \fi \fi 
l.261 
      pdfTeX warning (ext4): destination with the same identifier (name{figure.
3.8}) has been already used, duplicate ignored

\AtBegShi@Output ...ipout \box \AtBeginShipoutBox 
                                                  \fi \fi 
l.261 
      pdfTeX warning (ext4): destination with the same identifier (name{figure.
3.9}) has been already used, duplicate ignored

\AtBegShi@Output ...ipout \box \AtBeginShipoutBox 
                                                  \fi \fi 
l.261 
       <C:/Users/Joel/Desktop/eYSIP/eYSIP2014_ServoStepperInterfacing/Stepper/D
ocumentation/fullstepVI.png> <C:/Users/Joel/Desktop/eYSIP/eYSIP2014_ServoSteppe
rInterfacing/Stepper/Documentation/wavestepVI.png> <C:/Users/Joel/Desktop/eYSIP
/eYSIP2014_ServoStepperInterfacing/Stepper/Documentation/fullvswave.png>]
<"Stepper internal".png, id=198, 169.63374pt x 106.3975pt>
File: "Stepper internal".png Graphic file (type png)

<use "Stepper internal".png>
Package pdftex.def Info: "Stepper internal".png used on input line 267.
(pdftex.def)             Requested size: 169.63332pt x 106.39723pt.
 [12pdfTeX warning (ext4): destination with the same identifier (name{figure.3.
10}) has been already used, duplicate ignored

\AtBegShi@Output ...ipout \box \AtBeginShipoutBox 
                                                  \fi \fi 
l.296 \item U
             sing the multimeter in ohmmeter mode, connect one lead of the m...
 <C:/Users/Joel/Desktop/eYSIP/eYSIP2014_ServoStepperInterfacing/Stepper/Documen
tation/Stepper internal.png>] [13]
Chapter 4.
<"expansion slot pins".png, id=221, 648.17157pt x 201.75375pt>
File: "expansion slot pins".png Graphic file (type png)

<use "expansion slot pins".png>
Package pdftex.def Info: "expansion slot pins".png used on input line 323.
(pdftex.def)             Requested size: 337.05115pt x 104.91255pt.

<"pinnumbering".png, id=223, 869.1672pt x 181.1568pt>
File: "pinnumbering".png Graphic file (type png)
 <use "pinnumbering".png>
Package pdftex.def Info: "pinnumbering".png used on input line 332.
(pdftex.def)             Requested size: 217.29126pt x 45.28908pt.

Underfull \vbox (badness 10000) has occurred while \output is active []

 [14

pdfTeX warning (ext4): destination with the same identifier (name{figure.4.1}) 
has been already used, duplicate ignored

\AtBegShi@Output ...ipout \box \AtBeginShipoutBox 
                                                  \fi \fi 
l.336 
       <C:/Users/Joel/Desktop/eYSIP/eYSIP2014_ServoStepperInterfacing/Stepper/D
ocumentation/expansion slot pins.png>]

Package hyperref Warning: Difference (2) between bookmark levels is greater 
(hyperref)                than one, level fixed on input line 337.

<"Stepper circuit".png, id=233, 507.3354pt x 231.7458pt>
File: "Stepper circuit".png Graphic file (type png)

<use "Stepper circuit".png>
Package pdftex.def Info: "Stepper circuit".png used on input line 343.
(pdftex.def)             Requested size: 329.7641pt x 150.63298pt.
 [15pdfTeX warning (ext4): destination with the same identifier (name{figure.4.
2}) has been already used, duplicate ignored

\AtBegShi@Output ...ipout \box \AtBeginShipoutBox 
                                                  \fi \fi 
l.352 \chapter
              {Interfacing with LPC2148-based Firebird V}pdfTeX warning (ext4):
 destination with the same identifier (name{figure.4.3}) has been already used,
 duplicate ignored

\AtBegShi@Output ...ipout \box \AtBeginShipoutBox 
                                                  \fi \fi 
l.352 \chapter
              {Interfacing with LPC2148-based Firebird V} <C:/Users/Joel/Deskto
p/eYSIP/eYSIP2014_ServoStepperInterfacing/Stepper/Documentation/pinnumbering.pn
g> <C:/Users/Joel/Desktop/eYSIP/eYSIP2014_ServoStepperInterfacing/Stepper/Docum
entation/Stepper circuit.png>]
Chapter 5.

Overfull \hbox (8.57768pt too wide) in paragraph at lines 358--375
 [][] 
 []

<"ARM Stepper circuit".png, id=244, 507.3354pt x 231.7458pt>
File: "ARM Stepper circuit".png Graphic file (type png)

<use "ARM Stepper circuit".png>
Package pdftex.def Info: "ARM Stepper circuit".png used on input line 383.
(pdftex.def)             Requested size: 329.7641pt x 150.63298pt.

Underfull \vbox (badness 10000) has occurred while \output is active []

 [16

pdfTeX warning (ext4): destination with the same identifier (name{table.5.1}) h
as been already used, duplicate ignored

\AtBegShi@Output ...ipout \box \AtBeginShipoutBox 
                                                  \fi \fi 
l.387 
      ] [17pdfTeX warning (ext4): destination with the same identifier (name{fi
gure.5.1}) has been already used, duplicate ignored

\AtBegShi@Output ...ipout \box \AtBeginShipoutBox 
                                                  \fi \fi 
l.388 \begin{thebibliography}{99}
                                  <C:/Users/Joel/Desktop/eYSIP/eYSIP2014_ServoS
tepperInterfacing/Stepper/Documentation/ARM Stepper circuit.png>]
LaTeX Font Info:    Try loading font information for T1+lmtt on input line 391.


("E:\Program Files\MiKTeX 2.9\tex\latex\lm\t1lmtt.fd"
File: t1lmtt.fd 2009/10/30 v1.6 Font defs for Latin Modern
)
Underfull \hbox (badness 10000) in paragraph at lines 390--392
[]$\T1/lmtt/m/n/10 http : / / pegasus . cc . ucf . edu / ~cham / eas5407 / proj
ect / Intro _$
 []


Overfull \hbox (23.5545pt too wide) in paragraph at lines 394--396
[]$\T1/lmtt/m/n/10 http : / / en . wikipedia . org / wiki / File : Unipolar-[]s
tepper-[]motor-[]windings .$
 []


Underfull \hbox (badness 10000) in paragraph at lines 406--408
[]$\T1/lmtt/m/n/10 http : / / en . nanotec . com / support / tutorials /$
 []

Package atveryend Info: Empty hook `BeforeClearDocument' on input line 421.
[18

]
Package atveryend Info: Empty hook `AfterLastShipout' on input line 421.

("C:\Users\Joel\Desktop\eYSIP\eYSIP2014_ServoStepperInterfacing\Stepper\Documen
tation\Stepper Motor Interfacing with ATmega2560 and LPC2148 (Firebird V).aux")
Package atveryend Info: Executing hook `AtVeryEndDocument' on input line 421.
Package atveryend Info: Executing hook `AtEndAfterFileList' on input line 421.
Package rerunfilecheck Info: File `Stepper*Motor*Interfacing*with*ATmega2560*an
d*LPC2148*(Firebird*V).out' has not changed.
(rerunfilecheck)             Checksum: <no file>.
Package atveryend Info: Empty hook `AtVeryVeryEnd' on input line 421.
 ) 
Here is how much of TeX's memory you used:
 6965 strings out of 493921
 101785 string characters out of 3147285
 186341 words of memory out of 3000000
 10027 multiletter control sequences out of 15000+200000
 66296 words of font info for 59 fonts, out of 3000000 for 9000
 841 hyphenation exceptions out of 8191
 34i,12n,28p,1196b,396s stack positions out of 5000i,500n,10000p,200000b,50000s
{E:/Program Files/MiKTeX 2.9/fonts/enc/dvips/lm/lm-ec.enc}{E:/Program Files/M
iKTeX 2.9/fonts/enc/dvips/lm/lm-rm.enc}{E:/Program Files/MiKTeX 2.9/fonts/enc/d
vips/lm/lm-mathit.enc}<E:/Program Files/MiKTeX 2.9/fonts/type1/public/lm/lmbx10
.pfb><E:/Program Files/MiKTeX 2.9/fonts/type1/public/lm/lmbx12.pfb><E:/Program 
Files/MiKTeX 2.9/fonts/type1/public/lm/lmmi10.pfb><E:/Program Files/MiKTeX 2.9/
fonts/type1/public/lm/lmmi7.pfb><E:/Program Files/MiKTeX 2.9/fonts/type1/public
/lm/lmr10.pfb><E:/Program Files/MiKTeX 2.9/fonts/type1/public/lm/lmr12.pfb><E:/
Program Files/MiKTeX 2.9/fonts/type1/public/lm/lmr17.pfb><E:/Program Files/MiKT
eX 2.9/fonts/type1/public/lm/lmr7.pfb><E:/Program Files/MiKTeX 2.9/fonts/type1/
public/lm/lmri10.pfb><E:/Program Files/MiKTeX 2.9/fonts/type1/public/lm/lmtt10.
pfb>
Output written on "Stepper Motor Interfacing with ATmega2560 and LPC2148 (Fireb
ird V).pdf" (20 pages, 987972 bytes).
PDF statistics:
 325 PDF objects out of 1000 (max. 8388607)
 71 named destinations out of 1000 (max. 500000)
 219 words of extra memory for PDF output out of 10000 (max. 10000000)

